# JRE version: OpenJDK Runtime Environment (7.0_55-b14) (build 1.7.0_55-b14)
# Java VM: OpenJDK 64-Bit Server VM (24.51-b03 mixed mode linux-amd64 compressed oops)
Heap
 par new generation   total 39296K, used 30060K [0x00000000d0600000, 0x00000000d30a0000, 0x00000000db0a0000)
  eden space 34944K,  84% used [0x00000000d0600000, 0x00000000d22dde48, 0x00000000d2820000)
  from space 4352K,  11% used [0x00000000d2820000, 0x00000000d289d510, 0x00000000d2c60000)
  to   space 4352K,   0% used [0x00000000d2c60000, 0x00000000d2c60000, 0x00000000d30a0000)
 concurrent mark-sweep generation total 247972K, used 201450K [0x00000000db0a0000, 0x00000000ea2c9000, 0x00000000f0600000)
 concurrent-mark-sweep perm gen total 147204K, used 107166K [0x00000000f0600000, 0x00000000f95c1000, 0x0000000100000000)
GC Heap History (10 events):
Event: 7304.810 GC heap before
{Heap before GC invocations=45 (full 6):
 par new generation   total 39296K, used 35194K [0x00000000d0600000, 0x00000000d30a0000, 0x00000000db0a0000)
  eden space 34944K, 100% used [0x00000000d0600000, 0x00000000d2820000, 0x00000000d2820000)
  from space 4352K,   5% used [0x00000000d2c60000, 0x00000000d2c9ebe0, 0x00000000d30a0000)
  to   space 4352K,   0% used [0x00000000d2820000, 0x00000000d2820000, 0x00000000d2c60000)
 concurrent mark-sweep generation total 247972K, used 201407K [0x00000000db0a0000, 0x00000000ea2c9000, 0x00000000f0600000)
 concurrent-mark-sweep perm gen total 147204K, used 107028K [0x00000000f0600000, 0x00000000f95c1000, 0x0000000100000000)
Event: 7304.815 GC heap after
Heap after GC invocations=46 (full 6):
 par new generation   total 39296K, used 227K [0x00000000d0600000, 0x00000000d30a0000, 0x00000000db0a0000)
  eden space 34944K,   0% used [0x00000000d0600000, 0x00000000d0600000, 0x00000000d2820000)
  from space 4352K,   5% used [0x00000000d2820000, 0x00000000d2858ec8, 0x00000000d2c60000)
  to   space 4352K,   0% used [0x00000000d2c60000, 0x00000000d2c60000, 0x00000000d30a0000)
 concurrent mark-sweep generation total 247972K, used 201407K [0x00000000db0a0000, 0x00000000ea2c9000, 0x00000000f0600000)
 concurrent-mark-sweep perm gen total 147204K, used 107028K [0x00000000f0600000, 0x00000000f95c1000, 0x0000000100000000)
}
Event: 55539.833 GC heap before
{Heap before GC invocations=46 (full 6):
 par new generation   total 39296K, used 35171K [0x00000000d0600000, 0x00000000d30a0000, 0x00000000db0a0000)
  eden space 34944K, 100% used [0x00000000d0600000, 0x00000000d2820000, 0x00000000d2820000)
  from space 4352K,   5% used [0x00000000d2820000, 0x00000000d2858ec8, 0x00000000d2c60000)
  to   space 4352K,   0% used [0x00000000d2c60000, 0x00000000d2c60000, 0x00000000d30a0000)
 concurrent mark-sweep generation total 247972K, used 201407K [0x00000000db0a0000, 0x00000000ea2c9000, 0x00000000f0600000)
 concurrent-mark-sweep perm gen total 147204K, used 107063K [0x00000000f0600000, 0x00000000f95c1000, 0x0000000100000000)
Event: 55539.837 GC heap after
Heap after GC invocations=47 (full 6):
 par new generation   total 39296K, used 311K [0x00000000d0600000, 0x00000000d30a0000, 0x00000000db0a0000)
  eden space 34944K,   0% used [0x00000000d0600000, 0x00000000d0600000, 0x00000000d2820000)
  from space 4352K,   7% used [0x00000000d2c60000, 0x00000000d2cadfd8, 0x00000000d30a0000)
  to   space 4352K,   0% used [0x00000000d2820000, 0x00000000d2820000, 0x00000000d2c60000)
 concurrent mark-sweep generation total 247972K, used 201407K [0x00000000db0a0000, 0x00000000ea2c9000, 0x00000000f0600000)
 concurrent-mark-sweep perm gen total 147204K, used 107063K [0x00000000f0600000, 0x00000000f95c1000, 0x0000000100000000)
}
Event: 57365.905 GC heap before
{Heap before GC invocations=47 (full 6):
 par new generation   total 39296K, used 35255K [0x00000000d0600000, 0x00000000d30a0000, 0x00000000db0a0000)
  eden space 34944K, 100% used [0x00000000d0600000, 0x00000000d2820000, 0x00000000d2820000)
  from space 4352K,   7% used [0x00000000d2c60000, 0x00000000d2cadfd8, 0x00000000d30a0000)
  to   space 4352K,   0% used [0x00000000d2820000, 0x00000000d2820000, 0x00000000d2c60000)
 concurrent mark-sweep generation total 247972K, used 201407K [0x00000000db0a0000, 0x00000000ea2c9000, 0x00000000f0600000)
 concurrent-mark-sweep perm gen total 147204K, used 107063K [0x00000000f0600000, 0x00000000f95c1000, 0x0000000100000000)
Event: 57365.911 GC heap after
Heap after GC invocations=48 (full 6):
 par new generation   total 39296K, used 381K [0x00000000d0600000, 0x00000000d30a0000, 0x00000000db0a0000)
  eden space 34944K,   0% used [0x00000000d0600000, 0x00000000d0600000, 0x00000000d2820000)
  from space 4352K,   8% used [0x00000000d2820000, 0x00000000d287f7c0, 0x00000000d2c60000)
  to   space 4352K,   0% used [0x00000000d2c60000, 0x00000000d2c60000, 0x00000000d30a0000)
 concurrent mark-sweep generation total 247972K, used 201407K [0x00000000db0a0000, 0x00000000ea2c9000, 0x00000000f0600000)
 concurrent-mark-sweep perm gen total 147204K, used 107063K [0x00000000f0600000, 0x00000000f95c1000, 0x0000000100000000)
}
Event: 59192.976 GC heap before
{Heap before GC invocations=48 (full 6):
 par new generation   total 39296K, used 35325K [0x00000000d0600000, 0x00000000d30a0000, 0x00000000db0a0000)
  eden space 34944K, 100% used [0x00000000d0600000, 0x00000000d2820000, 0x00000000d2820000)
  from space 4352K,   8% used [0x00000000d2820000, 0x00000000d287f7c0, 0x00000000d2c60000)
  to   space 4352K,   0% used [0x00000000d2c60000, 0x00000000d2c60000, 0x00000000d30a0000)
 concurrent mark-sweep generation total 247972K, used 201407K [0x00000000db0a0000, 0x00000000ea2c9000, 0x00000000f0600000)
 concurrent-mark-sweep perm gen total 147204K, used 107063K [0x00000000f0600000, 0x00000000f95c1000, 0x0000000100000000)
Event: 59192.981 GC heap after
Heap after GC invocations=49 (full 6):
 par new generation   total 39296K, used 474K [0x00000000d0600000, 0x00000000d30a0000, 0x00000000db0a0000)
  eden space 34944K,   0% used [0x00000000d0600000, 0x00000000d0600000, 0x00000000d2820000)
  from space 4352K,  10% used [0x00000000d2c60000, 0x00000000d2cd6b80, 0x00000000d30a0000)
  to   space 4352K,   0% used [0x00000000d2820000, 0x00000000d2820000, 0x00000000d2c60000)
 concurrent mark-sweep generation total 247972K, used 201407K [0x00000000db0a0000, 0x00000000ea2c9000, 0x00000000f0600000)
 concurrent-mark-sweep perm gen total 147204K, used 107063K [0x00000000f0600000, 0x00000000f95c1000, 0x0000000100000000)
}
Event: 61013.461 GC heap before
{Heap before GC invocations=49 (full 6):
 par new generation   total 39296K, used 35418K [0x00000000d0600000, 0x00000000d30a0000, 0x00000000db0a0000)
  eden space 34944K, 100% used [0x00000000d0600000, 0x00000000d2820000, 0x00000000d2820000)
  from space 4352K,  10% used [0x00000000d2c60000, 0x00000000d2cd6ba0, 0x00000000d30a0000)
  to   space 4352K,   0% used [0x00000000d2820000, 0x00000000d2820000, 0x00000000d2c60000)
 concurrent mark-sweep generation total 247972K, used 201407K [0x00000000db0a0000, 0x00000000ea2c9000, 0x00000000f0600000)
 concurrent-mark-sweep perm gen total 147204K, used 107065K [0x00000000f0600000, 0x00000000f95c1000, 0x0000000100000000)
Event: 61013.469 GC heap after
Heap after GC invocations=50 (full 6):
 par new generation   total 39296K, used 501K [0x00000000d0600000, 0x00000000d30a0000, 0x00000000db0a0000)
  eden space 34944K,   0% used [0x00000000d0600000, 0x00000000d0600000, 0x00000000d2820000)
  from space 4352K,  11% used [0x00000000d2820000, 0x00000000d289d510, 0x00000000d2c60000)
  to   space 4352K,   0% used [0x00000000d2c60000, 0x00000000d2c60000, 0x00000000d30a0000)
 concurrent mark-sweep generation total 247972K, used 201450K [0x00000000db0a0000, 0x00000000ea2c9000, 0x00000000f0600000)
 concurrent-mark-sweep perm gen total 147204K, used 107065K [0x00000000f0600000, 0x00000000f95c1000, 0x0000000100000000)
}

